 ⚠ Port 3000 is in use by process 14668, using available port 3001 instead.
   ▲ Next.js 15.5.9
   - Local:        http://localhost:3001
   - Network:      http://172.30.144.1:3001
   - Environments: .env.local

 ✓ Starting...
node:events:502
      throw er; // Unhandled 'error' event
      ^

Error: EPERM: operation not permitted, open 'C:\Users\Windows 10 Pro\Desktop\Hackathon II Phase 2\Phase 2\frontend\.next\trace'
Emitted 'error' event on WriteStream instance at:
    at emitErrorNT (node:internal/streams/destroy:169:8)
    at emitErrorCloseNT (node:internal/streams/destroy:128:3)
    at process.processTicksAndRejections (node:internal/process/task_queues:82:21) {
  errno: -4048,
  code: 'EPERM',
  syscall: 'open',
  path: 'C:\\Users\\Windows 10 Pro\\Desktop\\Hackathon II Phase 2\\Phase 2\\frontend\\.next\\trace'
}

Node.js v20.19.4
node:events:502
      throw er; // Unhandled 'error' event
      ^

Error: EPERM: operation not permitted, open 'C:\Users\Windows 10 Pro\Desktop\Hackathon II Phase 2\Phase 2\frontend\.next\trace'
Emitted 'error' event on WriteStream instance at:
    at emitErrorNT (node:internal/streams/destroy:169:8)
    at emitErrorCloseNT (node:internal/streams/destroy:128:3)
    at process.processTicksAndRejections (node:internal/process/task_queues:82:21) {
  errno: -4048,
  code: 'EPERM',
  syscall: 'open',
  path: 'C:\\Users\\Windows 10 Pro\\Desktop\\Hackathon II Phase 2\\Phase 2\\frontend\\.next\\trace'
}

Node.js v20.19.4
